Using pre-set license
Built from '2021.3/china_unity/release' branch; Version is '2021.3.9f1c1 (0fa35b602de1) revision 1024859'; Using compiler version '192829333'; Build Type 'Release'
OS: 'Windows 11  (10.0.22000) 64bit CoreCountrySpecific' Language: 'zh' Physical Memory: 15789 MB
BatchMode: 1, IsHumanControllingUs: 0, StartBugReporterOnCrash: 0, Is64bit: 1, IsPro: 1

COMMAND LINE ARGUMENTS:
F:\U3D\UN\2021.3.9f1c1\Editor\Unity.exe
-adb2
-batchMode
-noUpm
-name
AssetImportWorker0
-projectPath
D:/data/Project/My city stands firm/My city stands firm
-logFile
Logs/AssetImportWorker0.log
-srvPort
61162
Successfully changed project path to: D:/data/Project/My city stands firm/My city stands firm
D:/data/Project/My city stands firm/My city stands firm
[UnityMemory] Configuration Parameters - Can be set up in boot.config
    "memorysetup-bucket-allocator-granularity=16"
    "memorysetup-bucket-allocator-bucket-count=8"
    "memorysetup-bucket-allocator-block-size=33554432"
    "memorysetup-bucket-allocator-block-count=8"
    "memorysetup-main-allocator-block-size=16777216"
    "memorysetup-thread-allocator-block-size=16777216"
    "memorysetup-gfx-main-allocator-block-size=16777216"
    "memorysetup-gfx-thread-allocator-block-size=16777216"
    "memorysetup-cache-allocator-block-size=4194304"
    "memorysetup-typetree-allocator-block-size=2097152"
    "memorysetup-profiler-bucket-allocator-granularity=16"
    "memorysetup-profiler-bucket-allocator-bucket-count=8"
    "memorysetup-profiler-bucket-allocator-block-size=33554432"
    "memorysetup-profiler-bucket-allocator-block-count=8"
    "memorysetup-profiler-allocator-block-size=16777216"
    "memorysetup-profiler-editor-allocator-block-size=1048576"
    "memorysetup-temp-allocator-size-main=16777216"
    "memorysetup-job-temp-allocator-block-size=2097152"
    "memorysetup-job-temp-allocator-block-size-background=1048576"
    "memorysetup-job-temp-allocator-reduction-small-platforms=262144"
    "memorysetup-temp-allocator-size-background-worker=32768"
    "memorysetup-temp-allocator-size-job-worker=262144"
    "memorysetup-temp-allocator-size-preload-manager=33554432"
    "memorysetup-temp-allocator-size-nav-mesh-worker=65536"
    "memorysetup-temp-allocator-size-audio-worker=65536"
    "memorysetup-temp-allocator-size-cloud-worker=32768"
    "memorysetup-temp-allocator-size-gi-baking-worker=262144"
    "memorysetup-temp-allocator-size-gfx=262144"
AS: AutoStreaming module initializing.
Refreshing native plugins compatible for Editor in 72.02 ms, found 3 plugins.
Preloading 0 native plugins for Editor in 0.00 ms.
Initialize engine version: 2021.3.9f1c1 (0fa35b602de1)
[Subsystems] Discovering subsystems at path F:/U3D/UN/2021.3.9f1c1/Editor/Data/Resources/UnitySubsystems
[Subsystems] Discovering subsystems at path D:/data/Project/My city stands firm/My city stands firm/Assets
GfxDevice: creating device client; threaded=0; jobified=0
Direct3D:
    Version:  Direct3D 11.0 [level 11.1]
    Renderer: NVIDIA GeForce RTX 2060 (ID=0x1f15)
    Vendor:   NVIDIA
    VRAM:     5980 MB
    Driver:   31.0.15.1694
Initialize mono
Mono path[0] = 'F:/U3D/UN/2021.3.9f1c1/Editor/Data/Managed'
Mono path[1] = 'F:/U3D/UN/2021.3.9f1c1/Editor/Data/MonoBleedingEdge/lib/mono/unityjit-win32'
Mono config path = 'F:/U3D/UN/2021.3.9f1c1/Editor/Data/MonoBleedingEdge/etc'
Using monoOptions --debugger-agent=transport=dt_socket,embedding=1,server=y,suspend=n,address=127.0.0.1:56788
Begin MonoManager ReloadAssembly
Registering precompiled unity dll's ...
Register platform support module: F:/U3D/UN/2021.3.9f1c1/Editor/Data/PlaybackEngines/AndroidPlayer/UnityEditor.Android.Extensions.dll
Register platform support module: F:/U3D/UN/2021.3.9f1c1/Editor/Data/PlaybackEngines/WindowsStandaloneSupport/UnityEditor.WindowsStandalone.Extensions.dll
Registered in 0.004921 seconds.
Native extension for WindowsStandalone target not found
Native extension for Android target not found
Refreshing native plugins compatible for Editor in 60.06 ms, found 3 plugins.
Preloading 0 native plugins for Editor in 0.00 ms.
Mono: successfully reloaded assembly
- Completed reload, in  0.680 seconds
Domain Reload Profiling:
	ReloadAssembly (681ms)
		BeginReloadAssembly (87ms)
			ExecutionOrderSort (0ms)
			DisableScriptedObjects (0ms)
			BackupInstance (0ms)
			ReleaseScriptingObjects (0ms)
			CreateAndSetChildDomain (1ms)
		EndReloadAssembly (468ms)
			LoadAssemblies (81ms)
			RebuildTransferFunctionScriptingTraits (0ms)
			SetupTypeCache (115ms)
			ReleaseScriptCaches (0ms)
			RebuildScriptCaches (28ms)
			SetupLoadedEditorAssemblies (266ms)
				LogAssemblyErrors (0ms)
				InitializePlatformSupportModulesInManaged (54ms)
				SetLoadedEditorAssemblies (0ms)
				RefreshPlugins (60ms)
				BeforeProcessingInitializeOnLoad (1ms)
				ProcessInitializeOnLoadAttributes (98ms)
				ProcessInitializeOnLoadMethodAttributes (53ms)
				AfterProcessingInitializeOnLoad (0ms)
				EditorAssembliesLoaded (0ms)
			ExecutionOrderSort2 (0ms)
			AwakeInstancesAfterBackupRestoration (0ms)
Platform modules already initialized, skipping
Registering precompiled user dll's ...
Registered in 0.029132 seconds.
Begin MonoManager ReloadAssembly
Native extension for WindowsStandalone target not found
Native extension for Android target not found
Refreshing native plugins compatible for Editor in 58.69 ms, found 3 plugins.
Preloading 0 native plugins for Editor in 0.00 ms.
Mono: successfully reloaded assembly
- Completed reload, in  1.287 seconds
Domain Reload Profiling:
	ReloadAssembly (1288ms)
		BeginReloadAssembly (230ms)
			ExecutionOrderSort (0ms)
			DisableScriptedObjects (7ms)
			BackupInstance (0ms)
			ReleaseScriptingObjects (0ms)
			CreateAndSetChildDomain (125ms)
		EndReloadAssembly (920ms)
			LoadAssemblies (114ms)
			RebuildTransferFunctionScriptingTraits (0ms)
			SetupTypeCache (216ms)
			ReleaseScriptCaches (1ms)
			RebuildScriptCaches (57ms)
			SetupLoadedEditorAssemblies (469ms)
				LogAssemblyErrors (0ms)
				InitializePlatformSupportModulesInManaged (12ms)
				SetLoadedEditorAssemblies (0ms)
				RefreshPlugins (59ms)
				BeforeProcessingInitializeOnLoad (78ms)
				ProcessInitializeOnLoadAttributes (262ms)
				ProcessInitializeOnLoadMethodAttributes (45ms)
				AfterProcessingInitializeOnLoad (12ms)
				EditorAssembliesLoaded (0ms)
			ExecutionOrderSort2 (0ms)
			AwakeInstancesAfterBackupRestoration (10ms)
Platform modules already initialized, skipping
========================================================================
Worker process is ready to serve import requests
Launched and connected shader compiler UnityShaderCompiler.exe after 0.06 seconds
Refreshing native plugins compatible for Editor in 0.72 ms, found 3 plugins.
Preloading 0 native plugins for Editor in 0.00 ms.
Unloading 2950 Unused Serialized files (Serialized files now loaded: 0)
Unloading 47 unused Assets / (128.6 KB). Loaded Objects now: 3415.
Memory consumption went from 137.4 MB to 137.3 MB.
Total: 3.795400 ms (FindLiveObjects: 0.329000 ms CreateObjectMapping: 0.108200 ms MarkObjects: 3.208500 ms  DeleteObjects: 0.147300 ms)

AssetImportParameters requested are different than current active one (requested -> active):
  custom:video-decoder-ogg-theora: a1e56fd34408186e4bbccfd4996cb3dc -> 
  custom:container-muxer-webm: aa71ff27fc2769a1b78a27578f13a17b -> 
  custom:container-demuxer-webm: 4f35f7cbe854078d1ac9338744f61a02 -> 
  custom:video-encoder-webm-vp8: eb34c28f22e8b96e1ab97ce403110664 -> 
  custom:video-codec-MediaFoundation-h265: 746d11721c4dcdbdad8f713fa42b33f4 -> 
  custom:audio-encoder-webm-vorbis: bf7c407c2cedff20999df2af8eb42d56 -> 
  custom:framework-win-MediaFoundation: 216162199b28c13a410421893ffa2e32 -> 
  custom:container-demuxer-ogg: 62fdf1f143b41e24485cea50d1cbac27 -> 
  custom:video-decoder-webm-vp8: 9c59270c3fd7afecdb556c50c9e8de78 -> 
  custom:audio-decoder-ogg-vorbis: bf7c407c2cedff20999df2af8eb42d56 -> 
========================================================================
Received Import Request.
  Time since last request: 33285.993680 seconds.
  path: Assets/_Imported packages/Smart Lighting 2D/FunkyCode/SmartUtilities2D/Resources/Materials/TUnlitTransparent.mat
  artifactKey: Guid(2d7b7a4df4861e54393aa408e34a9ed2) Importer(815301076,1909f56bfc062723c751e8b465ee728b)
Start importing Assets/_Imported packages/Smart Lighting 2D/FunkyCode/SmartUtilities2D/Resources/Materials/TUnlitTransparent.mat using Guid(2d7b7a4df4861e54393aa408e34a9ed2) Importer(815301076,1909f56bfc062723c751e8b465ee728b)  -> (artifact id: '64a622d3bad3ec7a86410dcd6e54e290') in 0.143741 seconds 
========================================================================
Received Import Request.
  Time since last request: 26.559040 seconds.
  path: Assets/_Imported packages/Smart Lighting 2D/FunkyCode/SmartUtilities2D/Resources/Materials/ParticleMaterial.mat
  artifactKey: Guid(289a6e4853fcc6f4eb407c8ae98e63f5) Importer(815301076,1909f56bfc062723c751e8b465ee728b)
Start importing Assets/_Imported packages/Smart Lighting 2D/FunkyCode/SmartUtilities2D/Resources/Materials/ParticleMaterial.mat using Guid(289a6e4853fcc6f4eb407c8ae98e63f5) Importer(815301076,1909f56bfc062723c751e8b465ee728b)  -> (artifact id: '652da5fae86d74c16c86301c3284087e') in 0.016695 seconds 
========================================================================
Received Import Request.
  Time since last request: 0.000041 seconds.
  path: Assets/_Imported packages/Smart Lighting 2D/FunkyCode/Demos - SmartLighting2D/Demos - Materials/1 -  Lit Material/Sprite Lit.mat
  artifactKey: Guid(e327f3959e780b5419ed4dd722768102) Importer(815301076,1909f56bfc062723c751e8b465ee728b)
Start importing Assets/_Imported packages/Smart Lighting 2D/FunkyCode/Demos - SmartLighting2D/Demos - Materials/1 -  Lit Material/Sprite Lit.mat using Guid(e327f3959e780b5419ed4dd722768102) Importer(815301076,1909f56bfc062723c751e8b465ee728b)  -> (artifact id: '83c5348378fbd004efd8e323cc94a5b5') in 0.021148 seconds 
========================================================================
Received Import Request.
  Time since last request: 0.000042 seconds.
  path: Assets/_Imported packages/Smart Lighting 2D/FunkyCode/Demos - SmartLighting2D/Demos - Materials/1 -  Lit Material/Sprite Lit Grey.mat
  artifactKey: Guid(b9f300f0749360349aeeb0fc241d66bc) Importer(815301076,1909f56bfc062723c751e8b465ee728b)
Start importing Assets/_Imported packages/Smart Lighting 2D/FunkyCode/Demos - SmartLighting2D/Demos - Materials/1 -  Lit Material/Sprite Lit Grey.mat using Guid(b9f300f0749360349aeeb0fc241d66bc) Importer(815301076,1909f56bfc062723c751e8b465ee728b)  -> (artifact id: 'a2421f2292d05567cf820bcdf786ae74') in 0.014973 seconds 
========================================================================
Received Import Request.
  Time since last request: 117.493021 seconds.
  path: Assets/_Imported packages/Smart Lighting 2D/FunkyCode/Demos - SmartLighting2D/Demos - Intermediate/9 - Day Lighting Tilemap/Data.asset
  artifactKey: Guid(d3ec935442dfa7e498bb46eb115c4a2d) Importer(815301076,1909f56bfc062723c751e8b465ee728b)
Start importing Assets/_Imported packages/Smart Lighting 2D/FunkyCode/Demos - SmartLighting2D/Demos - Intermediate/9 - Day Lighting Tilemap/Data.asset using Guid(d3ec935442dfa7e498bb46eb115c4a2d) Importer(815301076,1909f56bfc062723c751e8b465ee728b)  -> (artifact id: 'fbfd3c7a7a71c37708761a20c397557c') in 0.011072 seconds 
========================================================================
Received Import Request.
  Time since last request: 0.020368 seconds.
  path: Assets/_Imported packages/Smart Lighting 2D/FunkyCode/Demos - SmartLighting2D/Demos - Basics (Overlay)/14 - Rectangle Tilemap/Data.asset
  artifactKey: Guid(230d999fcd886674aa1687814d74c76b) Importer(815301076,1909f56bfc062723c751e8b465ee728b)
Start importing Assets/_Imported packages/Smart Lighting 2D/FunkyCode/Demos - SmartLighting2D/Demos - Basics (Overlay)/14 - Rectangle Tilemap/Data.asset using Guid(230d999fcd886674aa1687814d74c76b) Importer(815301076,1909f56bfc062723c751e8b465ee728b)  -> (artifact id: '93490ef7cecc2a260fe8a8ec706f87ac') in 0.005033 seconds 
========================================================================
Received Import Request.
  Time since last request: 0.000037 seconds.
  path: Assets/_Imported packages/Smart Lighting 2D/FunkyCode/Demos - SmartLighting2D/Demos - Intermediate/10 - Demo Isometric/Isometric.asset
  artifactKey: Guid(64aa7a0dc91c13444982df4b1d6044c4) Importer(815301076,1909f56bfc062723c751e8b465ee728b)
Start importing Assets/_Imported packages/Smart Lighting 2D/FunkyCode/Demos - SmartLighting2D/Demos - Intermediate/10 - Demo Isometric/Isometric.asset using Guid(64aa7a0dc91c13444982df4b1d6044c4) Importer(815301076,1909f56bfc062723c751e8b465ee728b)  -> (artifact id: 'b24b0e2e277efe4083c5c6510537f390') in 0.004594 seconds 
========================================================================
Received Import Request.
  Time since last request: 0.732332 seconds.
  path: Assets/_Imported packages/Smart Lighting 2D/FunkyCode/Demos - SmartLighting2D/Demos - Shader Graph/Demo 5 -All In One/All In One.asset
  artifactKey: Guid(e8791defadf45104bb43af641570cc8a) Importer(815301076,1909f56bfc062723c751e8b465ee728b)
Start importing Assets/_Imported packages/Smart Lighting 2D/FunkyCode/Demos - SmartLighting2D/Demos - Shader Graph/Demo 5 -All In One/All In One.asset using Guid(e8791defadf45104bb43af641570cc8a) Importer(815301076,1909f56bfc062723c751e8b465ee728b)  -> (artifact id: '64e001b4db1a4576f41831789f3d1fb6') in 0.004432 seconds 
========================================================================
Received Import Request.
  Time since last request: 143.524555 seconds.
  path: Assets/_Imported packages/Smart Lighting 2D/FunkyCode/Demos - SmartLighting2D/Demos - Shader Graph/Demo 6 - All In One Sub/All In One Sub.mat
  artifactKey: Guid(f2dc8e831fa1ba2448b171696cf1749b) Importer(815301076,1909f56bfc062723c751e8b465ee728b)
Start importing Assets/_Imported packages/Smart Lighting 2D/FunkyCode/Demos - SmartLighting2D/Demos - Shader Graph/Demo 6 - All In One Sub/All In One Sub.mat using Guid(f2dc8e831fa1ba2448b171696cf1749b) Importer(815301076,1909f56bfc062723c751e8b465ee728b)  -> (artifact id: '7a81a0d99e66add0d63243b9a7df3044') in 0.361669 seconds 
========================================================================
Received Import Request.
  Time since last request: 0.000029 seconds.
  path: Assets/_Imported packages/Smart Lighting 2D/FunkyCode/Demos - SmartLighting2D/Demos - Materials/2 - Bump Material/Bump Material.mat
  artifactKey: Guid(9b6ed0a1ef2fcdf4ab408a095c5e083b) Importer(815301076,1909f56bfc062723c751e8b465ee728b)
Start importing Assets/_Imported packages/Smart Lighting 2D/FunkyCode/Demos - SmartLighting2D/Demos - Materials/2 - Bump Material/Bump Material.mat using Guid(9b6ed0a1ef2fcdf4ab408a095c5e083b) Importer(815301076,1909f56bfc062723c751e8b465ee728b)  -> (artifact id: '1fc22ced2d63fc67624929de504d6093') in 0.133264 seconds 
========================================================================
Received Import Request.
  Time since last request: 0.000054 seconds.
  path: Assets/_Imported packages/Smart Lighting 2D/FunkyCode/SmartUtilities2D/Resources/Materials/LineMaterial.mat
  artifactKey: Guid(afd0df931b38be841850ae87ca6e156a) Importer(815301076,1909f56bfc062723c751e8b465ee728b)
Start importing Assets/_Imported packages/Smart Lighting 2D/FunkyCode/SmartUtilities2D/Resources/Materials/LineMaterial.mat using Guid(afd0df931b38be841850ae87ca6e156a) Importer(815301076,1909f56bfc062723c751e8b465ee728b)  -> (artifact id: 'bf321b099a56142bc93d1d9f332c9c7c') in 0.132004 seconds 
Editor requested this worker to shutdown with reason: Scaling down because of idle timeout
AssetImportWorker is now disconnected from the server
Process exiting
Exiting without the bug reporter. Application will terminate with return code 0